{"/Users/valentinainozemtseva/Study/js-blog/app.js": {"path":"/Users/valentinainozemtseva/Study/js-blog/app.js","statementMap":{"0":{"start":{"line":1,"column":0},"end":{"line":1,"column":27}},"1":{"start":{"line":3,"column":16},"end":{"line":3,"column":34}},"2":{"start":{"line":4,"column":22},"end":{"line":4,"column":52}},"3":{"start":{"line":5,"column":23},"end":{"line":5,"column":49}},"4":{"start":{"line":6,"column":21},"end":{"line":6,"column":45}},"5":{"start":{"line":7,"column":16},"end":{"line":7,"column":42}},"6":{"start":{"line":8,"column":19},"end":{"line":8,"column":43}},"7":{"start":{"line":10,"column":18},"end":{"line":10,"column":47}},"8":{"start":{"line":12,"column":12},"end":{"line":12,"column":21}},"9":{"start":{"line":13,"column":13},"end":{"line":13,"column":37}},"10":{"start":{"line":15,"column":0},"end":{"line":15,"column":12}},"11":{"start":{"line":17,"column":0},"end":{"line":17,"column":48}},"12":{"start":{"line":18,"column":0},"end":{"line":18,"column":24}},"13":{"start":{"line":19,"column":0},"end":{"line":19,"column":24}},"14":{"start":{"line":20,"column":0},"end":{"line":20,"column":35}},"15":{"start":{"line":22,"column":0},"end":{"line":31,"column":2}},"16":{"start":{"line":33,"column":0},"end":{"line":33,"column":34}},"17":{"start":{"line":35,"column":0},"end":{"line":35,"column":23}},"18":{"start":{"line":36,"column":0},"end":{"line":36,"column":36}},"19":{"start":{"line":37,"column":0},"end":{"line":37,"column":30}},"20":{"start":{"line":39,"column":0},"end":{"line":39,"column":46}},"21":{"start":{"line":40,"column":0},"end":{"line":40,"column":47}},"22":{"start":{"line":41,"column":0},"end":{"line":41,"column":52}},"23":{"start":{"line":43,"column":0},"end":{"line":45,"column":3}},"24":{"start":{"line":44,"column":2},"end":{"line":44,"column":47}},"25":{"start":{"line":47,"column":0},"end":{"line":47,"column":21}}},"fnMap":{"0":{"name":"(anonymous_0)","decl":{"start":{"line":43,"column":17},"end":{"line":43,"column":18}},"loc":{"start":{"line":43,"column":23},"end":{"line":45,"column":1}},"line":43}},"branchMap":{"0":{"loc":{"start":{"line":13,"column":13},"end":{"line":13,"column":37}},"type":"binary-expr","locations":[{"start":{"line":13,"column":13},"end":{"line":13,"column":29}},{"start":{"line":13,"column":33},"end":{"line":13,"column":37}}],"line":13}},"s":{"0":1,"1":1,"2":1,"3":1,"4":1,"5":1,"6":1,"7":1,"8":1,"9":1,"10":1,"11":1,"12":1,"13":1,"14":1,"15":1,"16":1,"17":1,"18":1,"19":1,"20":1,"21":1,"22":1,"23":1,"24":1,"25":1},"f":{"0":1},"b":{"0":[1,0]},"_coverageSchema":"1a1c01bbd47fc00a2c39e90264f33305004495a9","hash":"7afca11bbb0ba509afe82a3866c0a32b354a0dad"}
,"/Users/valentinainozemtseva/Study/js-blog/server/config/config.js": {"path":"/Users/valentinainozemtseva/Study/js-blog/server/config/config.js","statementMap":{"0":{"start":{"line":1,"column":0},"end":{"line":3,"column":1}}},"fnMap":{},"branchMap":{},"s":{"0":1},"f":{},"b":{},"_coverageSchema":"1a1c01bbd47fc00a2c39e90264f33305004495a9","hash":"8593841aa64e211281921de9171d63f4e8c658f7"}
,"/Users/valentinainozemtseva/Study/js-blog/server/config/db.js": {"path":"/Users/valentinainozemtseva/Study/js-blog/server/config/db.js","statementMap":{"0":{"start":{"line":1,"column":17},"end":{"line":1,"column":36}},"1":{"start":{"line":2,"column":18},"end":{"line":12,"column":1}},"2":{"start":{"line":4,"column":2},"end":{"line":10,"column":3}},"3":{"start":{"line":5,"column":4},"end":{"line":5,"column":39}},"4":{"start":{"line":6,"column":17},"end":{"line":6,"column":64}},"5":{"start":{"line":7,"column":4},"end":{"line":7,"column":63}},"6":{"start":{"line":9,"column":4},"end":{"line":9,"column":23}},"7":{"start":{"line":14,"column":0},"end":{"line":14,"column":27}}},"fnMap":{"0":{"name":"(anonymous_0)","decl":{"start":{"line":2,"column":18},"end":{"line":2,"column":19}},"loc":{"start":{"line":2,"column":30},"end":{"line":12,"column":1}},"line":2}},"branchMap":{},"s":{"0":1,"1":1,"2":1,"3":1,"4":1,"5":1,"6":0,"7":1},"f":{"0":1},"b":{},"_coverageSchema":"1a1c01bbd47fc00a2c39e90264f33305004495a9","hash":"4008b81de67190fe5fc56487642b96f4d859facb"}
,"/Users/valentinainozemtseva/Study/js-blog/server/controllers/authController.js": {"path":"/Users/valentinainozemtseva/Study/js-blog/server/controllers/authController.js","statementMap":{"0":{"start":{"line":1,"column":13},"end":{"line":1,"column":38}},"1":{"start":{"line":2,"column":13},"end":{"line":2,"column":38}},"2":{"start":{"line":3,"column":15},"end":{"line":3,"column":32}},"3":{"start":{"line":4,"column":12},"end":{"line":4,"column":35}},"4":{"start":{"line":5,"column":29},"end":{"line":5,"column":57}},"5":{"start":{"line":6,"column":17},"end":{"line":6,"column":44}},"6":{"start":{"line":8,"column":28},"end":{"line":15,"column":1}},"7":{"start":{"line":9,"column":20},"end":{"line":12,"column":5}},"8":{"start":{"line":13,"column":4},"end":{"line":13,"column":24}},"9":{"start":{"line":14,"column":4},"end":{"line":14,"column":57}},"10":{"start":{"line":19,"column":8},"end":{"line":37,"column":9}},"11":{"start":{"line":20,"column":27},"end":{"line":20,"column":48}},"12":{"start":{"line":21,"column":12},"end":{"line":23,"column":13}},"13":{"start":{"line":22,"column":16},"end":{"line":22,"column":88}},"14":{"start":{"line":24,"column":41},"end":{"line":24,"column":49}},"15":{"start":{"line":25,"column":30},"end":{"line":25,"column":60}},"16":{"start":{"line":26,"column":12},"end":{"line":28,"column":13}},"17":{"start":{"line":27,"column":16},"end":{"line":27,"column":100}},"18":{"start":{"line":29,"column":33},"end":{"line":29,"column":61}},"19":{"start":{"line":30,"column":29},"end":{"line":30,"column":64}},"20":{"start":{"line":31,"column":25},"end":{"line":31,"column":94}},"21":{"start":{"line":32,"column":12},"end":{"line":32,"column":29}},"22":{"start":{"line":33,"column":12},"end":{"line":33,"column":78}},"23":{"start":{"line":35,"column":12},"end":{"line":35,"column":26}},"24":{"start":{"line":36,"column":12},"end":{"line":36,"column":65}},"25":{"start":{"line":41,"column":8},"end":{"line":71,"column":9}},"26":{"start":{"line":42,"column":41},"end":{"line":42,"column":49}},"27":{"start":{"line":43,"column":12},"end":{"line":43,"column":35}},"28":{"start":{"line":44,"column":12},"end":{"line":44,"column":33}},"29":{"start":{"line":45,"column":25},"end":{"line":45,"column":55}},"30":{"start":{"line":46,"column":12},"end":{"line":48,"column":13}},"31":{"start":{"line":47,"column":16},"end":{"line":47,"column":92}},"32":{"start":{"line":49,"column":34},"end":{"line":49,"column":77}},"33":{"start":{"line":50,"column":12},"end":{"line":52,"column":13}},"34":{"start":{"line":51,"column":16},"end":{"line":51,"column":80}},"35":{"start":{"line":53,"column":26},"end":{"line":53,"column":67}},"36":{"start":{"line":54,"column":12},"end":{"line":54,"column":27}},"37":{"start":{"line":55,"column":12},"end":{"line":67,"column":13}},"38":{"start":{"line":56,"column":16},"end":{"line":60,"column":37}},"39":{"start":{"line":62,"column":16},"end":{"line":66,"column":37}},"40":{"start":{"line":69,"column":12},"end":{"line":69,"column":26}},"41":{"start":{"line":70,"column":12},"end":{"line":70,"column":58}},"42":{"start":{"line":75,"column":8},"end":{"line":80,"column":9}},"43":{"start":{"line":76,"column":26},"end":{"line":76,"column":43}},"44":{"start":{"line":77,"column":12},"end":{"line":77,"column":27}},"45":{"start":{"line":79,"column":12},"end":{"line":79,"column":26}},"46":{"start":{"line":84,"column":0},"end":{"line":84,"column":37}}},"fnMap":{"0":{"name":"(anonymous_0)","decl":{"start":{"line":8,"column":28},"end":{"line":8,"column":29}},"loc":{"start":{"line":8,"column":43},"end":{"line":15,"column":1}},"line":8},"1":{"name":"(anonymous_1)","decl":{"start":{"line":18,"column":4},"end":{"line":18,"column":5}},"loc":{"start":{"line":18,"column":33},"end":{"line":38,"column":5}},"line":18},"2":{"name":"(anonymous_2)","decl":{"start":{"line":40,"column":4},"end":{"line":40,"column":5}},"loc":{"start":{"line":40,"column":26},"end":{"line":72,"column":5}},"line":40},"3":{"name":"(anonymous_3)","decl":{"start":{"line":74,"column":4},"end":{"line":74,"column":5}},"loc":{"start":{"line":74,"column":29},"end":{"line":81,"column":5}},"line":74}},"branchMap":{"0":{"loc":{"start":{"line":21,"column":12},"end":{"line":23,"column":13}},"type":"if","locations":[{"start":{"line":21,"column":12},"end":{"line":23,"column":13}},{"start":{},"end":{}}],"line":21},"1":{"loc":{"start":{"line":26,"column":12},"end":{"line":28,"column":13}},"type":"if","locations":[{"start":{"line":26,"column":12},"end":{"line":28,"column":13}},{"start":{},"end":{}}],"line":26},"2":{"loc":{"start":{"line":46,"column":12},"end":{"line":48,"column":13}},"type":"if","locations":[{"start":{"line":46,"column":12},"end":{"line":48,"column":13}},{"start":{},"end":{}}],"line":46},"3":{"loc":{"start":{"line":50,"column":12},"end":{"line":52,"column":13}},"type":"if","locations":[{"start":{"line":50,"column":12},"end":{"line":52,"column":13}},{"start":{},"end":{}}],"line":50},"4":{"loc":{"start":{"line":55,"column":12},"end":{"line":67,"column":13}},"type":"if","locations":[{"start":{"line":55,"column":12},"end":{"line":67,"column":13}},{"start":{"line":61,"column":19},"end":{"line":67,"column":13}}],"line":55}},"s":{"0":1,"1":1,"2":1,"3":1,"4":1,"5":1,"6":1,"7":1,"8":1,"9":1,"10":2,"11":2,"12":2,"13":1,"14":1,"15":1,"16":1,"17":0,"18":1,"19":1,"20":1,"21":1,"22":1,"23":0,"24":0,"25":2,"26":2,"27":2,"28":2,"29":2,"30":2,"31":1,"32":1,"33":1,"34":0,"35":1,"36":1,"37":1,"38":1,"39":0,"40":0,"41":0,"42":0,"43":0,"44":0,"45":0,"46":1},"f":{"0":1,"1":2,"2":2,"3":0},"b":{"0":[1,1],"1":[0,1],"2":[1,1],"3":[0,1],"4":[1,0]},"_coverageSchema":"1a1c01bbd47fc00a2c39e90264f33305004495a9","hash":"4ceed2f6bb68912f406f2f6793fae806bb7b85c3"}
,"/Users/valentinainozemtseva/Study/js-blog/server/middleware/authMiddleware.js": {"path":"/Users/valentinainozemtseva/Study/js-blog/server/middleware/authMiddleware.js","statementMap":{"0":{"start":{"line":1,"column":12},"end":{"line":1,"column":35}},"1":{"start":{"line":2,"column":19},"end":{"line":2,"column":46}},"2":{"start":{"line":4,"column":0},"end":{"line":32,"column":2}},"3":{"start":{"line":5,"column":2},"end":{"line":7,"column":3}},"4":{"start":{"line":6,"column":4},"end":{"line":6,"column":11}},"5":{"start":{"line":9,"column":2},"end":{"line":31,"column":3}},"6":{"start":{"line":11,"column":4},"end":{"line":19,"column":5}},"7":{"start":{"line":12,"column":6},"end":{"line":12,"column":39}},"8":{"start":{"line":13,"column":11},"end":{"line":19,"column":5}},"9":{"start":{"line":14,"column":25},"end":{"line":14,"column":53}},"10":{"start":{"line":15,"column":34},"end":{"line":15,"column":55}},"11":{"start":{"line":16,"column":6},"end":{"line":18,"column":7}},"12":{"start":{"line":17,"column":8},"end":{"line":17,"column":28}},"13":{"start":{"line":20,"column":4},"end":{"line":23,"column":5}},"14":{"start":{"line":21,"column":6},"end":{"line":21,"column":28}},"15":{"start":{"line":22,"column":6},"end":{"line":22,"column":78}},"16":{"start":{"line":24,"column":24},"end":{"line":24,"column":49}},"17":{"start":{"line":25,"column":4},"end":{"line":25,"column":27}},"18":{"start":{"line":26,"column":4},"end":{"line":26,"column":11}},"19":{"start":{"line":28,"column":4},"end":{"line":28,"column":19}},"20":{"start":{"line":29,"column":4},"end":{"line":29,"column":26}},"21":{"start":{"line":30,"column":4},"end":{"line":30,"column":76}}},"fnMap":{"0":{"name":"(anonymous_0)","decl":{"start":{"line":4,"column":17},"end":{"line":4,"column":18}},"loc":{"start":{"line":4,"column":43},"end":{"line":32,"column":1}},"line":4}},"branchMap":{"0":{"loc":{"start":{"line":5,"column":2},"end":{"line":7,"column":3}},"type":"if","locations":[{"start":{"line":5,"column":2},"end":{"line":7,"column":3}},{"start":{},"end":{}}],"line":5},"1":{"loc":{"start":{"line":11,"column":4},"end":{"line":19,"column":5}},"type":"if","locations":[{"start":{"line":11,"column":4},"end":{"line":19,"column":5}},{"start":{"line":13,"column":11},"end":{"line":19,"column":5}}],"line":11},"2":{"loc":{"start":{"line":13,"column":11},"end":{"line":19,"column":5}},"type":"if","locations":[{"start":{"line":13,"column":11},"end":{"line":19,"column":5}},{"start":{},"end":{}}],"line":13},"3":{"loc":{"start":{"line":16,"column":6},"end":{"line":18,"column":7}},"type":"if","locations":[{"start":{"line":16,"column":6},"end":{"line":18,"column":7}},{"start":{},"end":{}}],"line":16},"4":{"loc":{"start":{"line":20,"column":4},"end":{"line":23,"column":5}},"type":"if","locations":[{"start":{"line":20,"column":4},"end":{"line":23,"column":5}},{"start":{},"end":{}}],"line":20}},"s":{"0":1,"1":1,"2":1,"3":9,"4":0,"5":9,"6":9,"7":0,"8":9,"9":9,"10":9,"11":9,"12":9,"13":9,"14":0,"15":0,"16":9,"17":9,"18":9,"19":0,"20":0,"21":0},"f":{"0":9},"b":{"0":[0,9],"1":[0,9],"2":[9,0],"3":[9,0],"4":[0,9]},"_coverageSchema":"1a1c01bbd47fc00a2c39e90264f33305004495a9","hash":"c542dd7aaffba9b09bbfe0b5f82d7123bc0d9e4c"}
,"/Users/valentinainozemtseva/Study/js-blog/server/middleware/roleMiddleware.js": {"path":"/Users/valentinainozemtseva/Study/js-blog/server/middleware/roleMiddleware.js","statementMap":{"0":{"start":{"line":1,"column":12},"end":{"line":1,"column":35}},"1":{"start":{"line":2,"column":19},"end":{"line":2,"column":46}},"2":{"start":{"line":4,"column":0},"end":{"line":43,"column":2}},"3":{"start":{"line":5,"column":2},"end":{"line":42,"column":4}},"4":{"start":{"line":6,"column":4},"end":{"line":8,"column":5}},"5":{"start":{"line":7,"column":6},"end":{"line":7,"column":13}},"6":{"start":{"line":10,"column":4},"end":{"line":41,"column":5}},"7":{"start":{"line":12,"column":6},"end":{"line":20,"column":7}},"8":{"start":{"line":13,"column":8},"end":{"line":13,"column":41}},"9":{"start":{"line":14,"column":13},"end":{"line":20,"column":7}},"10":{"start":{"line":15,"column":27},"end":{"line":15,"column":55}},"11":{"start":{"line":16,"column":36},"end":{"line":16,"column":57}},"12":{"start":{"line":17,"column":8},"end":{"line":19,"column":9}},"13":{"start":{"line":18,"column":10},"end":{"line":18,"column":30}},"14":{"start":{"line":21,"column":6},"end":{"line":24,"column":7}},"15":{"start":{"line":22,"column":8},"end":{"line":22,"column":30}},"16":{"start":{"line":23,"column":8},"end":{"line":23,"column":80}},"17":{"start":{"line":25,"column":35},"end":{"line":25,"column":60}},"18":{"start":{"line":26,"column":20},"end":{"line":26,"column":25}},"19":{"start":{"line":27,"column":6},"end":{"line":31,"column":9}},"20":{"start":{"line":28,"column":8},"end":{"line":30,"column":9}},"21":{"start":{"line":29,"column":10},"end":{"line":29,"column":25}},"22":{"start":{"line":32,"column":6},"end":{"line":35,"column":7}},"23":{"start":{"line":33,"column":8},"end":{"line":33,"column":30}},"24":{"start":{"line":34,"column":8},"end":{"line":34,"column":70}},"25":{"start":{"line":36,"column":6},"end":{"line":36,"column":13}},"26":{"start":{"line":38,"column":6},"end":{"line":38,"column":21}},"27":{"start":{"line":39,"column":6},"end":{"line":39,"column":28}},"28":{"start":{"line":40,"column":6},"end":{"line":40,"column":78}}},"fnMap":{"0":{"name":"(anonymous_0)","decl":{"start":{"line":4,"column":17},"end":{"line":4,"column":18}},"loc":{"start":{"line":4,"column":34},"end":{"line":43,"column":1}},"line":4},"1":{"name":"(anonymous_1)","decl":{"start":{"line":5,"column":9},"end":{"line":5,"column":10}},"loc":{"start":{"line":5,"column":35},"end":{"line":42,"column":3}},"line":5},"2":{"name":"(anonymous_2)","decl":{"start":{"line":27,"column":24},"end":{"line":27,"column":25}},"loc":{"start":{"line":27,"column":34},"end":{"line":31,"column":7}},"line":27}},"branchMap":{"0":{"loc":{"start":{"line":6,"column":4},"end":{"line":8,"column":5}},"type":"if","locations":[{"start":{"line":6,"column":4},"end":{"line":8,"column":5}},{"start":{},"end":{}}],"line":6},"1":{"loc":{"start":{"line":12,"column":6},"end":{"line":20,"column":7}},"type":"if","locations":[{"start":{"line":12,"column":6},"end":{"line":20,"column":7}},{"start":{"line":14,"column":13},"end":{"line":20,"column":7}}],"line":12},"2":{"loc":{"start":{"line":14,"column":13},"end":{"line":20,"column":7}},"type":"if","locations":[{"start":{"line":14,"column":13},"end":{"line":20,"column":7}},{"start":{},"end":{}}],"line":14},"3":{"loc":{"start":{"line":17,"column":8},"end":{"line":19,"column":9}},"type":"if","locations":[{"start":{"line":17,"column":8},"end":{"line":19,"column":9}},{"start":{},"end":{}}],"line":17},"4":{"loc":{"start":{"line":21,"column":6},"end":{"line":24,"column":7}},"type":"if","locations":[{"start":{"line":21,"column":6},"end":{"line":24,"column":7}},{"start":{},"end":{}}],"line":21},"5":{"loc":{"start":{"line":28,"column":8},"end":{"line":30,"column":9}},"type":"if","locations":[{"start":{"line":28,"column":8},"end":{"line":30,"column":9}},{"start":{},"end":{}}],"line":28},"6":{"loc":{"start":{"line":32,"column":6},"end":{"line":35,"column":7}},"type":"if","locations":[{"start":{"line":32,"column":6},"end":{"line":35,"column":7}},{"start":{},"end":{}}],"line":32}},"s":{"0":1,"1":1,"2":1,"3":6,"4":6,"5":0,"6":6,"7":6,"8":0,"9":6,"10":6,"11":6,"12":6,"13":6,"14":6,"15":0,"16":0,"17":6,"18":6,"19":6,"20":6,"21":6,"22":6,"23":0,"24":0,"25":6,"26":0,"27":0,"28":0},"f":{"0":6,"1":6,"2":6},"b":{"0":[0,6],"1":[0,6],"2":[6,0],"3":[6,0],"4":[0,6],"5":[6,0],"6":[0,6]},"_coverageSchema":"1a1c01bbd47fc00a2c39e90264f33305004495a9","hash":"3e1fb0a48d06675230944e84975d2ab11489028e"}
,"/Users/valentinainozemtseva/Study/js-blog/server/models/Post.js": {"path":"/Users/valentinainozemtseva/Study/js-blog/server/models/Post.js","statementMap":{"0":{"start":{"line":1,"column":17},"end":{"line":1,"column":36}},"1":{"start":{"line":3,"column":15},"end":{"line":3,"column":30}},"2":{"start":{"line":4,"column":19},"end":{"line":22,"column":2}},"3":{"start":{"line":24,"column":0},"end":{"line":24,"column":52}}},"fnMap":{},"branchMap":{},"s":{"0":1,"1":1,"2":1,"3":1},"f":{},"b":{},"_coverageSchema":"1a1c01bbd47fc00a2c39e90264f33305004495a9","hash":"3773d47fcf57ded08df01c7205f77f23cd5a04cb"}
,"/Users/valentinainozemtseva/Study/js-blog/server/models/Role.js": {"path":"/Users/valentinainozemtseva/Study/js-blog/server/models/Role.js","statementMap":{"0":{"start":{"line":1,"column":24},"end":{"line":1,"column":43}},"1":{"start":{"line":4,"column":13},"end":{"line":6,"column":2}},"2":{"start":{"line":8,"column":0},"end":{"line":8,"column":36}}},"fnMap":{},"branchMap":{},"s":{"0":1,"1":1,"2":1},"f":{},"b":{},"_coverageSchema":"1a1c01bbd47fc00a2c39e90264f33305004495a9","hash":"e48b565c404cee7d04ac60c1a970382f48c5f8cb"}
,"/Users/valentinainozemtseva/Study/js-blog/server/models/User.js": {"path":"/Users/valentinainozemtseva/Study/js-blog/server/models/User.js","statementMap":{"0":{"start":{"line":1,"column":17},"end":{"line":1,"column":36}},"1":{"start":{"line":3,"column":19},"end":{"line":14,"column":2}},"2":{"start":{"line":16,"column":13},"end":{"line":16,"column":47}},"3":{"start":{"line":18,"column":0},"end":{"line":18,"column":22}}},"fnMap":{},"branchMap":{},"s":{"0":1,"1":1,"2":1,"3":1},"f":{},"b":{},"_coverageSchema":"1a1c01bbd47fc00a2c39e90264f33305004495a9","hash":"e3d43fb60b299cd7f11f23efd29d536d71e67335"}
,"/Users/valentinainozemtseva/Study/js-blog/server/routes/admin.js": {"path":"/Users/valentinainozemtseva/Study/js-blog/server/routes/admin.js","statementMap":{"0":{"start":{"line":1,"column":16},"end":{"line":1,"column":34}},"1":{"start":{"line":2,"column":15},"end":{"line":2,"column":31}},"2":{"start":{"line":3,"column":13},"end":{"line":3,"column":38}},"3":{"start":{"line":4,"column":23},"end":{"line":4,"column":62}},"4":{"start":{"line":5,"column":23},"end":{"line":5,"column":62}},"5":{"start":{"line":7,"column":20},"end":{"line":7,"column":44}},"6":{"start":{"line":13,"column":0},"end":{"line":29,"column":3}},"7":{"start":{"line":14,"column":2},"end":{"line":28,"column":3}},"8":{"start":{"line":15,"column":19},"end":{"line":17,"column":5}},"9":{"start":{"line":19,"column":17},"end":{"line":19,"column":34}},"10":{"start":{"line":21,"column":4},"end":{"line":25,"column":7}},"11":{"start":{"line":27,"column":4},"end":{"line":27,"column":23}},"12":{"start":{"line":35,"column":0},"end":{"line":48,"column":3}},"13":{"start":{"line":36,"column":2},"end":{"line":47,"column":3}},"14":{"start":{"line":37,"column":19},"end":{"line":39,"column":5}},"15":{"start":{"line":41,"column":4},"end":{"line":44,"column":7}},"16":{"start":{"line":46,"column":4},"end":{"line":46,"column":23}},"17":{"start":{"line":54,"column":0},"end":{"line":80,"column":2}},"18":{"start":{"line":59,"column":4},"end":{"line":78,"column":5}},"19":{"start":{"line":60,"column":6},"end":{"line":75,"column":7}},"20":{"start":{"line":61,"column":8},"end":{"line":63,"column":9}},"21":{"start":{"line":62,"column":10},"end":{"line":62,"column":74}},"22":{"start":{"line":64,"column":24},"end":{"line":68,"column":10}},"23":{"start":{"line":70,"column":8},"end":{"line":70,"column":35}},"24":{"start":{"line":72,"column":8},"end":{"line":72,"column":45}},"25":{"start":{"line":74,"column":10},"end":{"line":74,"column":55}},"26":{"start":{"line":77,"column":6},"end":{"line":77,"column":25}},"27":{"start":{"line":86,"column":0},"end":{"line":102,"column":3}},"28":{"start":{"line":87,"column":2},"end":{"line":101,"column":3}},"29":{"start":{"line":88,"column":19},"end":{"line":90,"column":5}},"30":{"start":{"line":92,"column":17},"end":{"line":92,"column":59}},"31":{"start":{"line":94,"column":4},"end":{"line":98,"column":7}},"32":{"start":{"line":100,"column":4},"end":{"line":100,"column":23}},"33":{"start":{"line":108,"column":0},"end":{"line":131,"column":3}},"34":{"start":{"line":109,"column":2},"end":{"line":130,"column":3}},"35":{"start":{"line":110,"column":4},"end":{"line":112,"column":5}},"36":{"start":{"line":111,"column":6},"end":{"line":111,"column":70}},"37":{"start":{"line":114,"column":4},"end":{"line":118,"column":7}},"38":{"start":{"line":127,"column":4},"end":{"line":127,"column":47}},"39":{"start":{"line":129,"column":4},"end":{"line":129,"column":23}},"40":{"start":{"line":137,"column":0},"end":{"line":149,"column":2}},"41":{"start":{"line":141,"column":4},"end":{"line":147,"column":5}},"42":{"start":{"line":142,"column":6},"end":{"line":142,"column":51}},"43":{"start":{"line":144,"column":6},"end":{"line":144,"column":49}},"44":{"start":{"line":146,"column":6},"end":{"line":146,"column":25}},"45":{"start":{"line":151,"column":0},"end":{"line":151,"column":24}}},"fnMap":{"0":{"name":"(anonymous_0)","decl":{"start":{"line":13,"column":48},"end":{"line":13,"column":49}},"loc":{"start":{"line":13,"column":68},"end":{"line":29,"column":1}},"line":13},"1":{"name":"(anonymous_1)","decl":{"start":{"line":35,"column":51},"end":{"line":35,"column":52}},"loc":{"start":{"line":35,"column":71},"end":{"line":48,"column":1}},"line":35},"2":{"name":"(anonymous_2)","decl":{"start":{"line":58,"column":2},"end":{"line":58,"column":3}},"loc":{"start":{"line":58,"column":22},"end":{"line":79,"column":3}},"line":58},"3":{"name":"(anonymous_3)","decl":{"start":{"line":86,"column":56},"end":{"line":86,"column":57}},"loc":{"start":{"line":86,"column":76},"end":{"line":102,"column":1}},"line":86},"4":{"name":"(anonymous_4)","decl":{"start":{"line":108,"column":56},"end":{"line":108,"column":57}},"loc":{"start":{"line":108,"column":76},"end":{"line":131,"column":1}},"line":108},"5":{"name":"(anonymous_5)","decl":{"start":{"line":140,"column":2},"end":{"line":140,"column":3}},"loc":{"start":{"line":140,"column":22},"end":{"line":148,"column":3}},"line":140}},"branchMap":{"0":{"loc":{"start":{"line":61,"column":8},"end":{"line":63,"column":9}},"type":"if","locations":[{"start":{"line":61,"column":8},"end":{"line":63,"column":9}},{"start":{},"end":{}}],"line":61},"1":{"loc":{"start":{"line":61,"column":12},"end":{"line":61,"column":58}},"type":"binary-expr","locations":[{"start":{"line":61,"column":12},"end":{"line":61,"column":21}},{"start":{"line":61,"column":25},"end":{"line":61,"column":40}},{"start":{"line":61,"column":44},"end":{"line":61,"column":58}}],"line":61},"2":{"loc":{"start":{"line":110,"column":4},"end":{"line":112,"column":5}},"type":"if","locations":[{"start":{"line":110,"column":4},"end":{"line":112,"column":5}},{"start":{},"end":{}}],"line":110},"3":{"loc":{"start":{"line":110,"column":8},"end":{"line":110,"column":54}},"type":"binary-expr","locations":[{"start":{"line":110,"column":8},"end":{"line":110,"column":17}},{"start":{"line":110,"column":21},"end":{"line":110,"column":36}},{"start":{"line":110,"column":40},"end":{"line":110,"column":54}}],"line":110}},"s":{"0":1,"1":1,"2":1,"3":1,"4":1,"5":1,"6":1,"7":0,"8":0,"9":0,"10":0,"11":0,"12":1,"13":1,"14":1,"15":1,"16":0,"17":1,"18":2,"19":2,"20":2,"21":1,"22":1,"23":1,"24":1,"25":0,"26":0,"27":1,"28":1,"29":1,"30":1,"31":1,"32":0,"33":1,"34":1,"35":1,"36":0,"37":1,"38":1,"39":0,"40":1,"41":1,"42":1,"43":1,"44":0,"45":1},"f":{"0":0,"1":1,"2":2,"3":1,"4":1,"5":1},"b":{"0":[1,1],"1":[2,2,2],"2":[0,1],"3":[1,1,1]},"_coverageSchema":"1a1c01bbd47fc00a2c39e90264f33305004495a9","hash":"832b9baf024c16fb084549ccb8d73dda10127817"}
,"/Users/valentinainozemtseva/Study/js-blog/server/routes/authRoutes.js": {"path":"/Users/valentinainozemtseva/Study/js-blog/server/routes/authRoutes.js","statementMap":{"0":{"start":{"line":1,"column":15},"end":{"line":1,"column":33}},"1":{"start":{"line":2,"column":15},"end":{"line":2,"column":27}},"2":{"start":{"line":3,"column":16},"end":{"line":3,"column":44}},"3":{"start":{"line":4,"column":23},"end":{"line":4,"column":63}},"4":{"start":{"line":5,"column":19},"end":{"line":5,"column":42}},"5":{"start":{"line":7,"column":0},"end":{"line":17,"column":5}},"6":{"start":{"line":8,"column":4},"end":{"line":16,"column":5}},"7":{"start":{"line":9,"column":21},"end":{"line":11,"column":7}},"8":{"start":{"line":13,"column":6},"end":{"line":13,"column":82}},"9":{"start":{"line":15,"column":6},"end":{"line":15,"column":25}},"10":{"start":{"line":21,"column":2},"end":{"line":21,"column":45}},"11":{"start":{"line":22,"column":2},"end":{"line":25,"column":33}},"12":{"start":{"line":27,"column":0},"end":{"line":27,"column":23}}},"fnMap":{"0":{"name":"(anonymous_0)","decl":{"start":{"line":7,"column":20},"end":{"line":7,"column":21}},"loc":{"start":{"line":7,"column":40},"end":{"line":17,"column":3}},"line":7}},"branchMap":{},"s":{"0":1,"1":1,"2":1,"3":1,"4":1,"5":1,"6":1,"7":1,"8":1,"9":0,"10":1,"11":1,"12":1},"f":{"0":1},"b":{},"_coverageSchema":"1a1c01bbd47fc00a2c39e90264f33305004495a9","hash":"d61b9ebf5a524ba862fc0ebecdc6ec7b55a5c148"}
,"/Users/valentinainozemtseva/Study/js-blog/server/routes/main.js": {"path":"/Users/valentinainozemtseva/Study/js-blog/server/routes/main.js","statementMap":{"0":{"start":{"line":1,"column":16},"end":{"line":1,"column":34}},"1":{"start":{"line":2,"column":15},"end":{"line":2,"column":31}},"2":{"start":{"line":3,"column":13},"end":{"line":3,"column":38}},"3":{"start":{"line":4,"column":23},"end":{"line":4,"column":62}},"4":{"start":{"line":5,"column":19},"end":{"line":5,"column":42}},"5":{"start":{"line":11,"column":0},"end":{"line":29,"column":3}},"6":{"start":{"line":12,"column":2},"end":{"line":27,"column":3}},"7":{"start":{"line":13,"column":19},"end":{"line":15,"column":5}},"8":{"start":{"line":17,"column":17},"end":{"line":17,"column":71}},"9":{"start":{"line":19,"column":4},"end":{"line":23,"column":7}},"10":{"start":{"line":26,"column":4},"end":{"line":26,"column":23}},"11":{"start":{"line":36,"column":0},"end":{"line":55,"column":3}},"12":{"start":{"line":37,"column":2},"end":{"line":53,"column":3}},"13":{"start":{"line":38,"column":15},"end":{"line":38,"column":28}},"14":{"start":{"line":40,"column":17},"end":{"line":40,"column":51}},"15":{"start":{"line":42,"column":19},"end":{"line":44,"column":5}},"16":{"start":{"line":46,"column":4},"end":{"line":50,"column":7}},"17":{"start":{"line":52,"column":4},"end":{"line":52,"column":23}},"18":{"start":{"line":57,"column":0},"end":{"line":72,"column":3}},"19":{"start":{"line":58,"column":2},"end":{"line":70,"column":3}},"20":{"start":{"line":59,"column":19},"end":{"line":61,"column":5}},"21":{"start":{"line":63,"column":4},"end":{"line":66,"column":7}},"22":{"start":{"line":69,"column":4},"end":{"line":69,"column":23}},"23":{"start":{"line":74,"column":0},"end":{"line":97,"column":3}},"24":{"start":{"line":75,"column":2},"end":{"line":96,"column":3}},"25":{"start":{"line":76,"column":4},"end":{"line":92,"column":5}},"26":{"start":{"line":77,"column":6},"end":{"line":79,"column":7}},"27":{"start":{"line":78,"column":8},"end":{"line":78,"column":69}},"28":{"start":{"line":81,"column":22},"end":{"line":85,"column":8}},"29":{"start":{"line":87,"column":6},"end":{"line":87,"column":33}},"30":{"start":{"line":89,"column":6},"end":{"line":89,"column":43}},"31":{"start":{"line":91,"column":6},"end":{"line":91,"column":25}},"32":{"start":{"line":95,"column":4},"end":{"line":95,"column":23}},"33":{"start":{"line":104,"column":0},"end":{"line":114,"column":3}},"34":{"start":{"line":105,"column":2},"end":{"line":112,"column":3}},"35":{"start":{"line":106,"column":17},"end":{"line":106,"column":71}},"36":{"start":{"line":108,"column":4},"end":{"line":108,"column":38}},"37":{"start":{"line":111,"column":4},"end":{"line":111,"column":23}},"38":{"start":{"line":121,"column":0},"end":{"line":133,"column":3}},"39":{"start":{"line":122,"column":2},"end":{"line":131,"column":3}},"40":{"start":{"line":123,"column":15},"end":{"line":123,"column":28}},"41":{"start":{"line":125,"column":17},"end":{"line":125,"column":51}},"42":{"start":{"line":127,"column":4},"end":{"line":127,"column":38}},"43":{"start":{"line":130,"column":4},"end":{"line":130,"column":23}},"44":{"start":{"line":136,"column":0},"end":{"line":136,"column":24}}},"fnMap":{"0":{"name":"(anonymous_0)","decl":{"start":{"line":11,"column":32},"end":{"line":11,"column":33}},"loc":{"start":{"line":11,"column":52},"end":{"line":29,"column":1}},"line":11},"1":{"name":"(anonymous_1)","decl":{"start":{"line":36,"column":40},"end":{"line":36,"column":41}},"loc":{"start":{"line":36,"column":60},"end":{"line":55,"column":1}},"line":36},"2":{"name":"(anonymous_2)","decl":{"start":{"line":57,"column":26},"end":{"line":57,"column":27}},"loc":{"start":{"line":57,"column":46},"end":{"line":72,"column":1}},"line":57},"3":{"name":"(anonymous_3)","decl":{"start":{"line":74,"column":44},"end":{"line":74,"column":45}},"loc":{"start":{"line":74,"column":64},"end":{"line":97,"column":1}},"line":74},"4":{"name":"(anonymous_4)","decl":{"start":{"line":104,"column":37},"end":{"line":104,"column":38}},"loc":{"start":{"line":104,"column":57},"end":{"line":114,"column":1}},"line":104},"5":{"name":"(anonymous_5)","decl":{"start":{"line":121,"column":44},"end":{"line":121,"column":45}},"loc":{"start":{"line":121,"column":64},"end":{"line":133,"column":1}},"line":121}},"branchMap":{"0":{"loc":{"start":{"line":77,"column":6},"end":{"line":79,"column":7}},"type":"if","locations":[{"start":{"line":77,"column":6},"end":{"line":79,"column":7}},{"start":{},"end":{}}],"line":77},"1":{"loc":{"start":{"line":77,"column":10},"end":{"line":77,"column":56}},"type":"binary-expr","locations":[{"start":{"line":77,"column":10},"end":{"line":77,"column":19}},{"start":{"line":77,"column":23},"end":{"line":77,"column":38}},{"start":{"line":77,"column":42},"end":{"line":77,"column":56}}],"line":77}},"s":{"0":1,"1":1,"2":1,"3":1,"4":1,"5":1,"6":2,"7":2,"8":2,"9":2,"10":0,"11":1,"12":1,"13":1,"14":1,"15":1,"16":1,"17":0,"18":1,"19":1,"20":1,"21":1,"22":0,"23":1,"24":2,"25":2,"26":2,"27":1,"28":1,"29":1,"30":1,"31":0,"32":0,"33":1,"34":1,"35":1,"36":1,"37":0,"38":1,"39":1,"40":1,"41":1,"42":1,"43":0,"44":1},"f":{"0":2,"1":1,"2":1,"3":2,"4":1,"5":1},"b":{"0":[1,1],"1":[2,2,2]},"_coverageSchema":"1a1c01bbd47fc00a2c39e90264f33305004495a9","hash":"b0be6f53e243850132bd00471552b5c1e2259b74"}
}
