TN:
SF:app.js
FN:43,(anonymous_0)
FNF:1
FNH:1
FNDA:1,(anonymous_0)
DA:1,1
DA:3,1
DA:4,1
DA:5,1
DA:6,1
DA:7,1
DA:8,1
DA:10,1
DA:12,1
DA:13,1
DA:15,1
DA:17,1
DA:18,1
DA:19,1
DA:20,1
DA:22,1
DA:33,1
DA:35,1
DA:36,1
DA:37,1
DA:39,1
DA:40,1
DA:41,1
DA:43,1
DA:44,1
DA:47,1
LF:26
LH:26
BRDA:13,0,0,1
BRDA:13,0,1,0
BRF:2
BRH:1
end_of_record
TN:
SF:server/config/config.js
FNF:0
FNH:0
DA:1,1
LF:1
LH:1
BRF:0
BRH:0
end_of_record
TN:
SF:server/config/db.js
FN:2,(anonymous_0)
FNF:1
FNH:1
FNDA:1,(anonymous_0)
DA:1,1
DA:2,1
DA:4,1
DA:5,1
DA:6,1
DA:7,1
DA:9,0
DA:14,1
LF:8
LH:7
BRF:0
BRH:0
end_of_record
TN:
SF:server/controllers/authController.js
FN:8,(anonymous_0)
FN:18,(anonymous_1)
FN:40,(anonymous_2)
FN:74,(anonymous_3)
FNF:4
FNH:3
FNDA:1,(anonymous_0)
FNDA:2,(anonymous_1)
FNDA:2,(anonymous_2)
FNDA:0,(anonymous_3)
DA:1,1
DA:2,1
DA:3,1
DA:4,1
DA:5,1
DA:6,1
DA:8,1
DA:9,1
DA:13,1
DA:14,1
DA:19,2
DA:20,2
DA:21,2
DA:22,1
DA:24,1
DA:25,1
DA:26,1
DA:27,0
DA:29,1
DA:30,1
DA:31,1
DA:32,1
DA:33,1
DA:35,0
DA:36,0
DA:41,2
DA:42,2
DA:43,2
DA:44,2
DA:45,2
DA:46,2
DA:47,1
DA:49,1
DA:50,1
DA:51,0
DA:53,1
DA:54,1
DA:55,1
DA:56,1
DA:62,0
DA:69,0
DA:70,0
DA:75,0
DA:76,0
DA:77,0
DA:79,0
DA:84,1
LF:47
LH:36
BRDA:21,0,0,1
BRDA:21,0,1,1
BRDA:26,1,0,0
BRDA:26,1,1,1
BRDA:46,2,0,1
BRDA:46,2,1,1
BRDA:50,3,0,0
BRDA:50,3,1,1
BRDA:55,4,0,1
BRDA:55,4,1,0
BRF:10
BRH:7
end_of_record
TN:
SF:server/middleware/authMiddleware.js
FN:4,(anonymous_0)
FNF:1
FNH:1
FNDA:9,(anonymous_0)
DA:1,1
DA:2,1
DA:4,1
DA:5,9
DA:6,0
DA:9,9
DA:11,9
DA:12,0
DA:13,9
DA:14,9
DA:15,9
DA:16,9
DA:17,9
DA:20,9
DA:21,0
DA:22,0
DA:24,9
DA:25,9
DA:26,9
DA:28,0
DA:29,0
DA:30,0
LF:22
LH:15
BRDA:5,0,0,0
BRDA:5,0,1,9
BRDA:11,1,0,0
BRDA:11,1,1,9
BRDA:13,2,0,9
BRDA:13,2,1,0
BRDA:16,3,0,9
BRDA:16,3,1,0
BRDA:20,4,0,0
BRDA:20,4,1,9
BRF:10
BRH:5
end_of_record
TN:
SF:server/middleware/roleMiddleware.js
FN:4,(anonymous_0)
FN:5,(anonymous_1)
FN:27,(anonymous_2)
FNF:3
FNH:3
FNDA:6,(anonymous_0)
FNDA:6,(anonymous_1)
FNDA:6,(anonymous_2)
DA:1,1
DA:2,1
DA:4,1
DA:5,6
DA:6,6
DA:7,0
DA:10,6
DA:12,6
DA:13,0
DA:14,6
DA:15,6
DA:16,6
DA:17,6
DA:18,6
DA:21,6
DA:22,0
DA:23,0
DA:25,6
DA:26,6
DA:27,6
DA:28,6
DA:29,6
DA:32,6
DA:33,0
DA:34,0
DA:36,6
DA:38,0
DA:39,0
DA:40,0
LF:29
LH:20
BRDA:6,0,0,0
BRDA:6,0,1,6
BRDA:12,1,0,0
BRDA:12,1,1,6
BRDA:14,2,0,6
BRDA:14,2,1,0
BRDA:17,3,0,6
BRDA:17,3,1,0
BRDA:21,4,0,0
BRDA:21,4,1,6
BRDA:28,5,0,6
BRDA:28,5,1,0
BRDA:32,6,0,0
BRDA:32,6,1,6
BRF:14
BRH:7
end_of_record
TN:
SF:server/models/Post.js
FNF:0
FNH:0
DA:1,1
DA:3,1
DA:4,1
DA:24,1
LF:4
LH:4
BRF:0
BRH:0
end_of_record
TN:
SF:server/models/Role.js
FNF:0
FNH:0
DA:1,1
DA:4,1
DA:8,1
LF:3
LH:3
BRF:0
BRH:0
end_of_record
TN:
SF:server/models/User.js
FNF:0
FNH:0
DA:1,1
DA:3,1
DA:16,1
DA:18,1
LF:4
LH:4
BRF:0
BRH:0
end_of_record
TN:
SF:server/routes/admin.js
FN:13,(anonymous_0)
FN:35,(anonymous_1)
FN:58,(anonymous_2)
FN:86,(anonymous_3)
FN:108,(anonymous_4)
FN:140,(anonymous_5)
FNF:6
FNH:5
FNDA:0,(anonymous_0)
FNDA:1,(anonymous_1)
FNDA:2,(anonymous_2)
FNDA:1,(anonymous_3)
FNDA:1,(anonymous_4)
FNDA:1,(anonymous_5)
DA:1,1
DA:2,1
DA:3,1
DA:4,1
DA:5,1
DA:7,1
DA:13,1
DA:14,0
DA:15,0
DA:19,0
DA:21,0
DA:27,0
DA:35,1
DA:36,1
DA:37,1
DA:41,1
DA:46,0
DA:54,1
DA:59,2
DA:60,2
DA:61,2
DA:62,1
DA:64,1
DA:70,1
DA:72,1
DA:74,0
DA:77,0
DA:86,1
DA:87,1
DA:88,1
DA:92,1
DA:94,1
DA:100,0
DA:108,1
DA:109,1
DA:110,1
DA:111,0
DA:114,1
DA:127,1
DA:129,0
DA:137,1
DA:141,1
DA:142,1
DA:144,1
DA:146,0
DA:151,1
LF:46
LH:34
BRDA:61,0,0,1
BRDA:61,0,1,1
BRDA:61,1,0,2
BRDA:61,1,1,2
BRDA:61,1,2,2
BRDA:110,2,0,0
BRDA:110,2,1,1
BRDA:110,3,0,1
BRDA:110,3,1,1
BRDA:110,3,2,1
BRF:10
BRH:9
end_of_record
TN:
SF:server/routes/authRoutes.js
FN:7,(anonymous_0)
FNF:1
FNH:1
FNDA:1,(anonymous_0)
DA:1,1
DA:2,1
DA:3,1
DA:4,1
DA:5,1
DA:7,1
DA:8,1
DA:9,1
DA:13,1
DA:15,0
DA:21,1
DA:22,1
DA:27,1
LF:13
LH:12
BRF:0
BRH:0
end_of_record
TN:
SF:server/routes/main.js
FN:11,(anonymous_0)
FN:36,(anonymous_1)
FN:57,(anonymous_2)
FN:74,(anonymous_3)
FN:104,(anonymous_4)
FN:121,(anonymous_5)
FNF:6
FNH:6
FNDA:2,(anonymous_0)
FNDA:1,(anonymous_1)
FNDA:1,(anonymous_2)
FNDA:2,(anonymous_3)
FNDA:1,(anonymous_4)
FNDA:1,(anonymous_5)
DA:1,1
DA:2,1
DA:3,1
DA:4,1
DA:5,1
DA:11,1
DA:12,2
DA:13,2
DA:17,2
DA:19,2
DA:26,0
DA:36,1
DA:37,1
DA:38,1
DA:40,1
DA:42,1
DA:46,1
DA:52,0
DA:57,1
DA:58,1
DA:59,1
DA:63,1
DA:69,0
DA:74,1
DA:75,2
DA:76,2
DA:77,2
DA:78,1
DA:81,1
DA:87,1
DA:89,1
DA:91,0
DA:95,0
DA:104,1
DA:105,1
DA:106,1
DA:108,1
DA:111,0
DA:121,1
DA:122,1
DA:123,1
DA:125,1
DA:127,1
DA:130,0
DA:136,1
LF:45
LH:38
BRDA:77,0,0,1
BRDA:77,0,1,1
BRDA:77,1,0,2
BRDA:77,1,1,2
BRDA:77,1,2,2
BRF:5
BRH:5
end_of_record
